<?xml version="1.0" encoding="UTF-8"?>
<testsuite name="gov.nyc.dsny.accounts.AccountsControllerTests" tests="6" skipped="0" failures="0" errors="0" timestamp="2015-09-10T14:50:20" hostname="137IT1FL49446W7" time="0.002">
  <properties/>
  <testcase name="validAccountNuber" classname="gov.nyc.dsny.accounts.AccountsControllerTests" time="0.0"/>
  <testcase name="validAccountOwner" classname="gov.nyc.dsny.accounts.AccountsControllerTests" time="0.001"/>
  <testcase name="invalidAccountNumber" classname="gov.nyc.dsny.accounts.AccountsControllerTests" time="0.0"/>
  <testcase name="validAccountOwnerMatches1" classname="gov.nyc.dsny.accounts.AccountsControllerTests" time="0.0"/>
  <testcase name="validAccountOwnerMatches2" classname="gov.nyc.dsny.accounts.AccountsControllerTests" time="0.0"/>
  <testcase name="invalidAccountName" classname="gov.nyc.dsny.accounts.AccountsControllerTests" time="0.001"/>
  <system-out><![CDATA[19268: INFO  AccountsController - AccountRepository says system has 1 accounts
19268: INFO  global - Start validAccountNumber test
19268: INFO  AccountsController - accounts-service byNumber() invoked: 123456789
19268: INFO  AccountsController - accounts-service byNumber() found: 123456789 [Keri Lee]: $0
19268: INFO  global - End validAccount test
19268: INFO  AccountsController - AccountRepository says system has 1 accounts
19268: INFO  global - Start validAccount test
19268: INFO  AccountsController - accounts-service byOwner() invoked: gov.nyc.dsny.accounts.AccountsControllerTests$TestAccountRepository for Keri Lee
19268: INFO  AccountsController - accounts-service byOwner() found: [123456789 [Keri Lee]: $0]
19268: INFO  global - In validAccount test
19268: INFO  global - End validAccount test
19268: INFO  AccountsController - AccountRepository says system has 1 accounts
19268: INFO  AccountsController - accounts-service byNumber() invoked: 10101010
19268: INFO  AccountsController - accounts-service byNumber() found: null
19268: INFO  AccountsController - AccountRepository says system has 1 accounts
19268: INFO  global - Start validAccount test
19268: INFO  AccountsController - accounts-service byOwner() invoked: gov.nyc.dsny.accounts.AccountsControllerTests$TestAccountRepository for Keri
19268: INFO  AccountsController - accounts-service byOwner() found: [123456789 [Keri Lee]: $0]
19268: INFO  global - In validAccount test
19268: INFO  global - End validAccount test
19268: INFO  AccountsController - AccountRepository says system has 1 accounts
19268: INFO  global - Start validAccount test
19268: INFO  AccountsController - accounts-service byOwner() invoked: gov.nyc.dsny.accounts.AccountsControllerTests$TestAccountRepository for keri
19268: INFO  AccountsController - accounts-service byOwner() found: [123456789 [Keri Lee]: $0]
19268: INFO  global - In validAccount test
19268: INFO  global - End validAccount test
19268: INFO  AccountsController - AccountRepository says system has 1 accounts
19268: INFO  AccountsController - accounts-service byOwner() invoked: gov.nyc.dsny.accounts.AccountsControllerTests$TestAccountRepository for Fred Smith
19268: INFO  AccountsController - accounts-service byOwner() found: []
]]></system-out>
  <system-err><![CDATA[]]></system-err>
</testsuite>
